<?xml version="1.0" encoding="UTF-8"?>
<testng-results skipped="0" failed="0" ignored="0" total="1" passed="1">
  <reporter-output>
  </reporter-output>
  <suite name="Default suite" duration-ms="1435" started-at="2019-08-07T19:02:18Z" finished-at="2019-08-07T19:02:19Z">
    <groups>
    </groups>
    <test name="Default test" duration-ms="1435" started-at="2019-08-07T19:02:18Z" finished-at="2019-08-07T19:02:19Z">
      <class name="demo.extentReprt">
        <test-method status="PASS" signature="test1()[pri:0, instance:demo.extentReprt@5034c75a]" name="test1" duration-ms="1350" started-at="2019-08-07T19:02:18Z" finished-at="2019-08-07T19:02:19Z">
          <reporter-output>
          </reporter-output>
        </test-method> <!-- test1 -->
      </class> <!-- demo.extentReprt -->
    </test> <!-- Default test -->
  </suite> <!-- Default suite -->
</testng-results>
